# read args start
# read args end
# print inputs start.
    output prefix : korean
    xlsx file     : ./data/Riasi_korean_news.xlsx
    #column       : 1
    lang          : kr
# print inputs end.
# read xlsx file(./data/Riasi_korean_news.xlsx) start.
속보 이란 대통령 탑승 헬기 비상착륙 생사 확인 안돼
이란 대통령 탄 헬기 비상착륙 구조대 급파
이란 대통령 탄 헬기 비상착륙 구조대 접근 지연
에브라힘 라이시 이란 대통령 탑승 헬기 비상착륙  종합
이란 대통령 탑승 헬기 비상착륙 구조대 접근 지연
이란 대통령 탄 헬기  추락  구조대 현장에 급파
이란 대통령 탑승 헬기 비상착륙 생사 아직 확인되지 않아  (종합)
이란 대통령 탑승 헬기 경착륙 구조대 급파
이란 대통령 탄 헬기 비상착륙  사고 휘말려
이란 언론  라이시 대통령 탑승 헬기 비상착륙 원인 피해상황 불명
이란 대통령  헬기 추락으로 실종    악천후에 수색 작업 난항
이란 대통령 탑승 헬기 경착륙 현장에 구조대 급파
이란 대통령 탄 헬기 비상착륙 구조대 급파  생사 미확인
이란 대통령 일행 탑승 헬기 경착륙   현장 구조대 급파(상보)
속보  이란 대통령 탄 헬기 비상착륙   대통령 생사 위기  희망 안 버려
이란 대통령 탑승 헬기 비상착륙 외무장관 동승
상보  이란 라이시 대통령 헬기  아제르바이잔 국경 인근 추락
이란 대통령 탄 헬기 비상착륙 구조대 급파
이란 대통령 탄 헬기 비상착륙 구조대 급파 <이란 언론>
속보   이란 대통령 탄 헬기 비상착륙 구조대 급파
속보   이란 대통령 추락 헬기 잔해 추정 열원 발견 탑승 인원은 9명
헬기 추락사  라이시 이란 대통령은? 하메네이 후계자이자 2인자
정부  이란 대통령 사망에 깊은 애도와 위로
속보  이란 혁명수비대  대통령 헬기 추정 잔해 발견 확인
이란 부통령   헬기 추락   라이시 대통령 사망 공식 확인
속보 이란 대통령 헬기 탑승자 전원 사망   이란 적신월사  생명 신호 없어 <타스>
이란 대통령 직무 대행 모크베르 최고지도자 하메네이 측근
아주경제 오늘의 뉴스 종합  이란 정부   국민의 종  라이시 대통령 공식 사망 발표 外
이란 대통령 사망  대통령 직무대행 모크베르는 누구? 최고지도자 하메네이 측근
속보  이란 정부  라이시 사후 차질 없이 국정 운영
속보  이란 당국자  라이시 대통령 외무장관 사망 확인<로이터>
속보  이란 당국자  라이시 대통령 생존 기대 낮아 <로이터>
이란 대통령  헬기 추락 사망 중동정세 격랑
추락  이란 대통령 탑승 헬기 1968년 초도비행한 미국산 노후 기종 가능성↑
이란 대통령 직무 대행 모크베르 최고지도자 하메네이 측근
헬기 탑승자 전원 사망    대통령 잃은 이란  중동정세 격랑
이란 라이시 대통령 사망에  평안한 안식을  국제사회 애도 잇따라
하메네이 측근  부통령이 대행 이란  권력공백 혼란 불가피
반체제 인사 숙청 히잡시위 탄압 라이시 대통령  권력 2위  강경 보수파
헬기 추락  이란 대통령 사망 중동 정세  안갯속으로
이란 대통령 사고 허위정보 SNS에 확산 거짓 영상 200만뷰 넘어
이란 대통령 헬기 추락  가짜 영상  확산 과거 사진으로 생존 루머도
대통령 공백  이란  혼란 불가피 내부 결속하려 강경책 택할 수도
헬기 추락  라이시 이란 대통령 숙청 주도한 검사 출신
이스라엘 랍비들  라이시의 죽음은 신의 응징
이란 대통령 사망 초대형 변수에 정세 긴장
이스라엘 때린 초강경 이란 대통령 헬기 추락사    숨죽인 중동
사망  이란 라이시 대통령  탑승 헬기는 55년 넘은 미국제  벨-212
이스라엘 측  이란 대통령 죽음과 우리는 무관
추락 영상? 생존 확인?  라이시 이란 대통령 헬기사고 실종 속 SNS 등 가짜뉴스  범람
이란 대통령 추락 제재 때문? 미국제 헬기 정비 어려움 가능성
정부  이란 대통령 사망  깊은 애도와 위로
외교부  라이시 이란 대통령 사망  깊은 애도와 위로 표한다
헬기 추락  라이시 이란 대통령 사망 공식 확인
이란 대통령 헬기 추락 사망 중동 정세 격랑 속으로
드론이 헬기 잔해 발견 총력 수색 끝 시신 수습
추락 헬기는 미국산  벨-212  정비 불량 가능성도
이란 대통령 사망  이란 외무장관 대행 맡은 바게리 차관은 누구?
이란  모크베르 임시 대통령승인    50일 이내 대선 실시
이란 대통령  헬기 추락으로 사망 정부  깊은 애도와 위로
韓정부  이란 대통령 외교부 장관 사망에  깊은 애도와 위로
이란 최고지도자 하메네이  대통령 사망에 5일간 애도기간 선포
내부 정적 소행? 이스라엘 관여?     이란 대통령 헬기 추락  음모론 난무
강경보수 적자 반서구 반인권 행보  헬기 추락  이란 대통령 사망
헬기 추락  이란 대통령 사망 살얼음판 중동 정세 안갯속
내우외환  이란  권력 공백까지 후계자 다툼 땐  대혼란   헬기 추락  이란 대통령 사망
좋은 친구 잃었다  中 사망 이란 대통령 애도
외교부  이란  지도자 잃은 슬픔 극복하길
라이시 이란 대통령   헬기 추락  사망
외교부  이란 대통령 헬기 사고  깊은 애도와 위로의 뜻 전해
反이스라엘 선봉  이란 2인자 사망 가자 휴전 협상 안갯속
이란 대통령 사망 중동 정세 더 꼬이나
尹정부  이란  지도자 잃은 슬픔 극복하길 기원
이란 대통령  헬기 추락 사망 중동정세 요동칠까 주목
여적  이란 대통령의 헬기 추락 사망
속보  외교부  이란 대통령 헬기사고 애도
라이시 이란 대통령은  하메네이 1순위 후계자  히잡 시위  유혈 진압한 강경파
이란 차기지도자 1순위 사망  권력 공백에 내부 혼란 커질듯
대통령 잃은 이란  중동정세 격랑
가자전쟁 장기화에 엎친데 덮친격
보수강경파 적자  테헤란의 도살자  별명도
테헤란의 도살자 라 불린 라이시 초강경 보수 노선 주도
이란 대통령 사망   이란 2인자  라이시 권력 공백 격랑 휩싸인 중동 정세
이란 대통령 사망  헬기 추락 원인  악천후  무게 일각선 음모론 솔솔
이란  대통령 직대  모크베르도 하메네이 측근
이란 대통령 사망  이란  국가애도 기간 선포  제1부통령  대통령 대행
최고지도자 승계 구도  안갯속  긴장감 고조되는 중동
권력 다툼  민심 이반 가능성  이란 대통령 사망에 세계 촉각
이란 대통령 사망 배후설 이스라엘 관리  우리와 무관
법조인 출신 강경 보수파 차기 최고지도자로 거론
시험대 오른 하메네이 갑작스런 2인자 사망에 정국  안갯속
대미 강경파  라이시의 공백  살얼음판 중동 정세 파장은?
이란 대통령 사망  갑자기 작고한 이란 대통령의 과거   테헤란의 도살자
이란  악천후에 대통령 헬기 사고  이스라엘  표적 삼을 이유 없다
헬기 추락  이란 대통령 시신 수습  왜 1대만  타살 음모론도 영상
헬기 추락  대통령 사망에 이란 증권거래소 거래 중단
이란정부  대통령 사망 공식확인 중동정세 다시 요동
뉴스속 용어 이란 대통령 사망에  이란 핵합의  재추진 안갯속
로이터  이스라엘 관리  헬리콥터 추락 사고에 관여 안 해 언급
대통령-외무 장관 모두 잃은 이란  나라 안팎에 혼란 불가피
헬기 추락  라이시 이란 대통령 사망 악천후 사고 추정
이란 대통령 사망에 세계 전역서 애도 잇따라
이란 대통령 외무장관 사망 확인  헬기 전소된 채 발견
이란 대통령 사망 에 들썩이는 시장 금 구리값  역대 최고
이란 대통령 사망  사우디 국왕은 건강악화 유가 영향받을까
포착  이란 대통령 헬기 추락 직전  마지막 모습 과 드론으로 본 현장
이란 정부  대통령 사망 공식확인  7월 대선
이란 대통령 헬기 추락  가짜 영상  확산 생존 사진까지
내우외환 덮친 대통령 추락사 이란 중동 정세 출렁이나
이란 대통령 사망  예기치 못한 죽음에   각국 지도자  애도  잇따라
라이시 이란 대통령 헬기 사고로 사망 중동 정세 요동칠까  촉각
헬기 사고  이란 대통령 사망 복잡한 중동 정세 더 꼬이나
이란 대통령 사망   세습 거부감  이란  하메네이 아들을 차기 최고지도자로?
헬기 추락  라이시 이란 대통령 사망 중동 정세 안갯속으로
라이시 이란 대통령 탄 헬기는 1968년 초도비행한 美 헬기
3대 중 왜 그 헬기만  이란 대통령 사망 두고 음모론  솔솔
이란 대통령 사망  대선 7월 열리나 하메네이 아들에  주목
이란 대통령 사망  이란 내각  차질 없이 정부 운영
이란 대통령 사망    앞으로 중동 정세 변화 올까?
이란 대통령 등 전원 사망  소식에 금값 장중 2450달러  술렁이는 시장
위기의 중동  라이시 이란 대통령 헬기 추락 사망  美 EU 경계
이란 대통령 사망  권력투쟁 불보듯 중동 파장에 서방  촉각
헬기 추락  이란 대통령  사망 확인 중동 정세 요동치나
이란 대통령 사망  이란 정부   국민의 종  라이시 대통령 공식 사망 발표
헬기 추락 사망  라이시 대통령은 누구?  이란 최고지도자 후계자 거론
이란 내각  라이시 사망 공식 확인  차질 없이 정부 운영
이란 대통령 사망   이란 정부  긴급 회의 소집   정부 곧 공식 성명 발표
헬기추락 라이시 대통령 등 9명 전원 사망 이란 부통령 공식 확인 핫이슈
헬기 추락  이란 대통령 사망  이륙까지는 기상 좋았는데
헬기추락  이란 대통령 등 탑승자 9명 전원 사망
이란 대통령 외무장관  헬기 추락 사고로 사망 확인
숨진 라이시 이란 대통령은 누구  차기 최고지도자 손꼽던  강경보수
이란 현지매체  라이시 이란 대통령 탑승 헬기 추락  전원 사망
헬기 추락 라이시 이란 대통령 외무장관 사망 확인
이란 부통령  헬기 추락 라이시 대통령 사망 확인
로이터  라이시 이란 대통령 사망 확인 헬기 생존자 없어
이란 대통령 실종    라이시 대통령 포함  헬기 탑승자 전원 사망 확인
이란 대통령 사망 외무장관 등 추락 헬기 탑승자 9명 전원 숨져
이란 부통령  라이시 대통령 사망 공식 확인  종합
이란당국  대통령 사망 확인  중동 긴장 고조될 듯(종합)
이란 대통령 헬기 추락  고개 드는 음모론
이란 당국자  라이시 대통령 외무장관 사망 확인
속보  로이터  이란 당국자  라이시 대통령 외무장관 사망 확인
속보  이란 당국자  라이시 대통령 외무장관 사망 확인
상보  이란  라이시 대통령 사망 확인  탑승자 전원 사망 추정
속보  이란 당국자  라이시 대통령 외무장관 사망 확인<로이터>
이란 대통령 태운 헬기 추락 순간    댐 준공식 다녀오다 악천후 만났나
헬기 추락  라이시 이란 대통령 외무장관 사망 확인
이란  헬기 추락 라이시 대통령 사망 확인
2보  이란 대통령  헬기 추락으로 사망 추정   부통령 승계 전망
속보  이란 대통령 외무장관 헬기 추락 사망 확인 -로이터
속보  이란  라이시 대통령 사망 확인
속보  이란 당국자  라이시 대통령 외무장관 사망 확인<로이터>
라이시 이란 대통령  헬기 추락 사고로 사망 중동정세 격랑
이란 대통령 헬기 추락  실종
이란 내부서 라이시 사망설 흘러나와
속보  이란 대통령 헬기 전소  라이시 대통령 사망 추정
속보   헬기 추락  라이시 이란 대통령  사망 추정 헬기 전소
이란 고위관리  라이시 대통령 외무장관 등 모든 헬기 탑승자 추락 사망
이란 대통령 등 헬기 탑승 9명 전원 사망 추정 (상보)
라이시 이란 대통령 사망한 듯 추락 헬기 전소
종합  이란 대통령 탑승 헬기 전소 전원 사망 추정
이란 당국자  라이시 대통령 헬기 추락 사망 확인
이란 부통령  헬기추락 라이시 대통령 사망 확인
속보   이란 대통령 등 헬기 탑승자 전원 사망 추정
속보   라이시 이란 대통령 사망 추정 헬기 전소 <로이터>
이란 2인자  라이시 권력 공백 중동 대혼란 불가피
이란 대통령 헬기 탑승자 전원 사망 추정
이란 대통령 외무장관  헬기 추락사고로 사망 확인
이란 대통령 등 헬기 탑승자 전원 사망 추정  -로이터
속보   이란 라이시 대통령 외무장관 등 사망  이란 당국자 확인
가짜인데 160만뷰  이란 대통령 사고 허위 정보 확산 우려
이란 적신월사  생존 신호 없다   라이시 대통령 사망 추정
속보  로이터  이란 대통령 등 헬기 탑승자 전원 사망 추정
이란 대통령 포함 헬기 탑승자 전원 사망 추정
대통령은 최고지도자 위한 희생양?  이란 특유의 권력 구조는
이란 당국  헬기 추락 사고 대통령 사망 확인
헬기 사고 사망  라이시 이란 대통령  최고지도자 유력 후보
헬기 추락 전 라이시 이란 대통령 마지막 모습 공개돼
속보   이란 대통령 헬기 위치 발견 구조대 접근 중 <스푸트니크>
최고지도자  후계자였는데  실종  이란 대통령  공석 시 파장은?
추락 실종  이란 대통령 헬기  1968년 초도 비행 기종
중국  이란 헬기 경착륙 깊은 우려 구출에 모든 지원 제공
이란 헬기추락에 중국 외교부  깊은 우려  예의주시중
이란 대통령 탄 헬기 추정 잔해? 튀르키예 드론  열원 발견 포착
이란 대통령 탑승 헬기 잔해 추정 열원 발견
이란 대통령 실종   헬기 잔해 추정 위치에 구조대 급파     추락 원인은 날씨
실종된 라이시 이란 대통령  생사 불투명 사망 시 공석은?
러시아 타스  이란 대통령 추락 추정 지역서 잔해 확인 못해
속보  이란 혁명수비대  대통령 헬기 추정 잔해 발견 확인
이란 대통령 탄 헬기 추정 잔해 발견 탑승자는 총 9명
이란 대통령 탄 헬기 잔해 추정 열원 발견 탑승자 총 9명
이란 대통령 탑승 헬기 잔해 열원 확인 9명 탑승  구조대 급파
이란 대통령  헬기 추락으로 실종 구조팀 악천후에 수색 작업 난항
이란 대통령 탄 헬기 추정 잔해 발견 탑승자는 총 9명
헬기 추락  이란 대통령  12시간 넘게 못 찾는 이유는?
이란 대통령 헬기 탑승자 9명  잔해추정 기체 발견    생사확인 안돼
포착  이란 대통령 헬기 추락 직전  마지막 모습  생사여부 미확인
국내외 강경책 주도 이란 대통령 유고시  국내외 정책 변화는
이란 대통령 탑승 헬기 잔해 추정 열원 발견
튀르키예 드론  이란 대통령 추락 헬기 추정 열원 확인   좌표 공유
이란 대통령 추락 헬기 동승자 총 9명 잔해추정 열원 발견
이란 대통령 헬기 잔해 추정 열원 발견 안개 추위로 수색 난항
튀르키예 드론  이란 대통령 헬기 잔해 추정 열원 발견
이란 대통령 실종   대통령 탑승 헬기 흔적 발견    탑승자는 총 9명
튀르키예 드론  이란 대통령 헬기 잔해 추정 열원 발견
이란 대통령 추락 헬기 동승자 총 9명
속보  튀르키예 드론  이란 대통령 헬기 잔해 추정 열원 발견
슬라이드 포토  안개가 자욱    헬기 사고  후 사라진 이란 대통령 수색 난항
추락한 이란 대통령 헬기 탑승자는 외무장관 등 9명
이란 대통령 탄 헬기 추락 중동 전역 파장 불가피
러 중동 EU   헬기 추락  이란 대통령 수색 지원
추락한 이란 대통령 헬기 승무원 핸드폰서 신호 포착
이란 대통령 탄 헬기 비상착륙 생사 확인 아직 안 돼
헬기추락  이란 대통령  악천후에 17시간 넘게  생사 불명
이란 대통령 탑승 헬기 추락   최고지도자  모두 기도해야
헬기추락  이란 대통령 누구? 사망시 승계는?
악천후로 수색 난항  이란 대통령  헬기 추락  실종  수색 총력전
美월간 더애틀란틱  라이시 이란 대통령 사망 확인
악천후 속 반경 2㎞ 접근   헬기추락  이란대통령 수색 총력전
추락 헬기 탑승 이란 대통령  핵 개발 무장세력 지원 시위 유혈 진압
이란 대통령 헬기 추락  실종 지점 못 찾아     바이든도 보고 받아
에브라힘 라이시 이란 대통령 헬기 추락으로 실종
이란 대통령 탑승한 헬기 추락 생사 확인 안돼
하마스  이란 대통령 헬기 추락에  완전한 연대  표명
이란 대통령 탄 헬기 추락    악천후로 수색 난항  생사 불명
속보 이란 대통령 탄 헬기 추락 실종  신호 확인  아직 정확한 위치는 찾지 못해
이란 대통령 실종  외무장관과 동승한 헬기 추락 후 실종   수색 중
이란 대통령 행방 헬기 추락 10시간 지나도  오리무중
실종 이란대통령 헬기 신호 포착 군  현장으로 향해
美 유럽  이란 대통령 탑승 헬기 사고 보도 예의주시
이란 대통령 헬기 추락 실종  신호 포착  눈보라 속 수색
이란 대통령 탄 헬기 추락  악천후  탓 수색 난항으로 생사 불명
美  이란 대통령 헬기 사고에  상황 면밀히 주시
이란 대통령  헬기 추락으로 실종 외무장관도 동승
이란 대통령  헬기 사고로 실종   악천후가 원인인 듯
이란 대통령  헬기 추락으로 실종 악천후 탓 수색 난항
이란 대통령  헬기 추락에 실종 최고지도자  국정 혼란 없어  종합
\ 이란 대통령 탑승 헬기 비상착륙 외무장관 동승\
이란 대통령 태운 헬기 국경 인근서 비상착륙
이란 대통령 탑승 헬기 비상착륙 생사 확인 지연
헬기 추락  이란 대통령 수색 지연 짙은 안개에 시야 제한
이란 대통령  헬기 이동 중 비상착륙 생사확인 안 돼
이란 대통령 탑승 헬기  비상착륙   이란 매체  기도 방송
이란 대통령 탄 헬기  비상착륙  구조대 급파  생사확인 안 돼
이란 대통령 탑승 헬기 비상착륙 생사 확인 안 돼
이란  6월 28일 대통령 선거     최고지도자 아들  vs  신학 지도자  물망
대통령 위 최고지도자가  권력 정점  이란 통치구조는?
美 정부  공식 애도  안전 문제는 그들 책임
이란 국영통신  대통령 헬기 추락 원인은 기술적 고장  추락 원인 첫 언급
이란 헬기 추락이  핵위기  고조시키는 이유세모금
김정은도 라이시 이란 대통령 사망 조전  충격적 소식  심심한 애도
외교 경제 최악인데 대통령 사망  벼랑 끝  내몰린 이란의 미래는? 이슈&뷰
北김정은  이란 대통령 사망에 조전  조선인민의 친근한 벗이었다
라이시 대통령 헬기  50년 넘은 미제 美 이란 제재 탓?
이란  헬기 추락 미국탓  미국  악천후 속 45년된 헬기 띄운 건 이란
이란 헬기 추락 사고에 들썩이는 해운 석유株
헬기 추락 원인  기술 결함  추정 이란  미 제재가 사고 불러
라이시 지지자들 애도 속  전국적 추모 물결 은 없어
호전성 강화? 신중론 유지? 미국  향후 이란 외교 노선에 벌써 촉각
이란 대통령 사망에 놀란 김정은  충격적 소식에 애도
이란 권력투쟁  암운  세습통치 부활하나
독재자의 죽음  대통령 사망했는데  춤추고 환호한 이란 청년들
대통령 헬기추락은 기술결함  이란  원인에 美제재 지목
인권 탄압  이란 대통령 사망에 한편에선  은밀한 축하
요동치는 이란 정세 중동  핵 확산  긴장
이란  1인자  아들  차기 최고지도자 급부상
이란  내달 28일 대선 후보군에 중도 개혁파 포함될까
라이시 대통령 사망에 이란 차기 지도자 후계 구도 요동
이란 이어 사우디도  중동 패권국  흔들
유엔 안보리서 이란 전 대통령 추모 묵념   이스라엘 거센 반발
안개 자욱한 날  낡은 미제 헬기를… 이란 대통령의 선택 왜?
이란 대통령 헬기 추락사에 이란  美제재 탓  vs 美  노후헬기 띄운건 이란
라이시 이란 대통령 장례일정 시작 23일 고향에 안장
대통령 헬기  사망  말고  순교 라고 표현하라  언론 탄압 나선 이란
이란 대통령 사망에도 국제유가 내림세 지속
이란 대통령 사망  푸틴 김정은 애도  美제재 탓 추락  주장도
막후 실세?  차기 이란 최고지도자  거론되는 모즈타바 하메네이는 누구
권력 승계 망가진 신정국가 이란  6월 대선에 국운 달려
대통령 사망했는데 춤추고 불꽃놀이 이란 청년들 환호  왜
미 국무부  라이시 애도하나  손에 많은 피 묻혀   국제사회 엇갈린 추모
이란 국영통신  대통령 헬기 `기술적 고장`으로 추락   미국 책임
김정은  이란 대통령 사망에 조전 보내  심심한 애도
미  이란 대통령 사망 애도하며  손에 피 묻힌 사람  정치 변화 희망
대통령 사망 충격  테헤란 대규모 추모객
대통령 추락死  이란  후계구도 권력투쟁 조짐
라이시 장례식  내일부터 도시 옮겨가며 진행
미국  애도 속  인권 탄압  지적 푸틴 에르도안  협력 더 강화
최고지도자 대통령 후계자 놓고 강경파 충돌땐 정세 요동
사우디 국왕은 건강악화 긴장감 고조되는 중동
이란 대통령  미국 때문에 죽었다   美책임론  나온 이유는?핫이슈
헬기 추락 사망  이란 대통령 장례 사흘간 보궐선거 6월28일
이란  대통령 죽음에 사회 분열 심화    정권 바뀌지 않는 게 더 슬퍼
이란 대통령 보선 6월8일 온건파 설자리 없다
美  이란 대통령 사망 공식 애도  손에 피 묻은 사실은 불변
이란 대통령  기적적으로 탈출해  가짜영상 200만명  낚였다
미국은 아무 역할 안 했다  미  이란 대통령 사망 사고 개입 의혹 일축
김정은  이란 대통령 사망에 조전  친근한 벗이었다
블랙스완 저자  중동 이슈  투자자들은 우려할 필요 없어
이란 추락헬기  제재 여파로 부품을 암시장에서 조달
이란 국영통신  대통령 헬기 추락 원인  기술적 고장
이란 대통령 사망  헬기 사고 책임 공방  미국 책임  vs  헬기 띄운 건 이란 정부
이란 국영통신  라이시 대통령 헬기 추락 원인으로  기술적 결함  언급
미국  이란 대통령 사망 공식 애도했지만  손에 피 많이 묻힌 자
이란 국영통신  대통령 헬기 기술적 고장으로 추락
이란 국영통신  대통령 헬기 기술적 고장으로 추락
이란  대통령 추락사 수습 착수   美 공식 애도 성명
김정은  이란 대통령 사망에 조전  충격적 소식  심심한 애도
이란 국영통신  대통령 헬기 추락  기술적 고장 탓  당국  조사 착수
이란 언론  대통령 헬기 추락 원인  기술적 고장  제재 가한 美 책임
김정은  이란 대통령 사망에  조전   조선인민의 친근한 벗
이란 대통령  왜 악천후에 노후화된 1968년산 헬기를 탔나
은밀한 축하   빈자리 클 것  대통령 사망에  분열된 이란
이란  6월 28일 대통령 보궐선거 실시   50일 안에 대통령 선출
대통령 사망에 충격 빠진 테헤란 6월 28일 보궐선거 열기로
김정은   우방  이란 대통령 사망에 조전  친근한 벗  애도
김정은  이란 대통령 사망에 조전  조선인민의 친근한 벗이었다
이란 대통령  기적 탈출  현지 관영 언론이 올린 SNS 사진 알고보니 핫이슈
200만 명이 속았다  이란 대통령 헬기 추락  가짜 영상  확산
김정은   우방  이란 대통령 사망에 조전  친근한 벗 충격적
북 김정은  이란 대통령 사망에 조전  심심한 애도
충격적 소식 애도  김정은  이란 대통령 사망에 조전
美  이란 대통령 사망 공식 애도 공화당은 축하
미국   헬기추락  이란 대통령 사망 공식 애도  사고 책임은 이란에
이란  6월28일 대통령 보궐선거 실시
극심한 혼란  vs  변화 적을 것  이란 대통령 사망  중동 정세 영향은?
美  이란 대통령 사망에 공식 애도  미국 제재 책임 아냐
교황  이란 대통령 사망 애도  어려운 시기 영적 친밀감 전해
라이시 사망  이란 후계구도 안갯속   중동 정세 다시 요동
이란 2인자  사고 사망 후계구도 격랑  중동정세는 불안
對美 강경파  이란 대통령  헬기 추락으로 사망
하메네이 후계자  사망 美와 핵협상-중동 불확실성 커질 듯
검사시절 정치범 5000명 사형 주도  테헤란의 도살자
이란 대통령 사망에도 국제유가 하락
대통령 사망에 이란시민 충격 호외 들고 망연자실
\ 최고지도자 유력\  라이시 급사에 이란 소용돌이 속으로
이란 대통령  최고지도자에 대한 비판 대신 받는 희생양
이란 대통령 사망  중동 먹구름
초강경파  이란 대통령 사망 중동 정세 더 꼬이나
헬기 추락  이란 라이시 대통령 사망 중동정세 격랑
테헤란서 라이시 장례식에 수백만명 운집 하마스 지도자도 참석
라이시 이란 대통령 장례식 엄수  테헤란 광장 수백만명 운집
외신사진 속 이슈人  故라이시 이란 대통령 애도 물결  반체제 진영은 분노 속 반색
이란 최고지도자 뽑는 율법전문회의  신임 의장에 강경파 케르마니 당선
이란  美제재 탓 헬기부품 못구해 추락  美  악천후에 왜 띄웠나
이란  대통령 사망으로 내달 28일 조기 대선 실시
이슬람 문화권 장례식 왜 24시간 이내 치르나
후계자 급부상한 하메네이 아들 이란 권력 암투 시작
이란 정세 격랑 속으로 2인자 권력 투쟁 세습 통치 부활 우려
권력승계 헝클어진 이란  차기 대통령에 하메네이 아들 거론
0 000025% 확률  항공사고로 목숨 잃은 지도자들 뭘 탔기에
차기지도자 1순위 돌연 공백 이란 권력승계 내홍 불가피
헬기 추락 사고  이란 대통령  시아파 성지 마슈하드에 묻혀
외교1차관  주한이란대사관 방문 라이시 대통령 조문
이란 대통령 장례식에  저항의 축  지도자 대거 참석   미국에 죽음을  구호
라이시 이란 대통령 장례식 엄수 추모객 인산인해
이란 대통령실장  헬기 이륙 땐 날씨 맑았다
헬기 추락  이란 대통령 장례식 엄수 하마스 지도자도 참석
내달 이란 대선 하메네이의  포스트 라이시  선택은?
이란 대통령이 탔던 헬기  서방 제재 탓에 추락했다?
테헤란서 라이시 장례식 엄수 국영방송 \ 수백만 모여\
횡설수설/조종엽 사고로 죽음 맞은  테헤란의 도살자
외부 총격 없어  이란 대통령 탄 헬기 추락 원인  오리무중
외부 공격 흔적 없다  결론  헬기 추락  이란 대통령 사고 원인은
이란 대통령 헬기 추락사고 조사결과  총격 같은 것 없었다   힘 잃는 음모론
이란 대통령 헬기 추락  외부 원인 발견 안 돼
이란  대통령 헬기 추락 1차 보고서  총격 흔적 없어
총격 같은 것 없었다  이란 대통령 헬기 추락사고 음모론 일축
추락 1분30초 전까지 교신  이란 대통령 헬기 추락사고 조사결과
이란  라이시 대통령 장례식  수만명 운집
신원 알아볼 수 없었다   헬기 추락  이란 대통령  반지로 신원 확인
헬기 추락사  이란 대통령 신원  반지로 확인했다
헬기 추락사 이란 대통령 신원  반지로 찾아
헬기 추락  이란 대통령  형체 알아볼 수 없었다  반지로 신원 확인
헬기 추락  이란 대통령 신원 반지로 확인 외무부 장관은 시계
이란 대통령 사망 현장  형체 구분도 어려워 반지로 신원 확인
헬기 추락사  이란 대통령 신원 반지로 확인
속보   헬기 추락사  이란 대통령 신원 반지로 확인
美  IAEA서 이란 핵개발 비난 결의 채택 못하도록 압박
이란  이번주 조기 대선 절차 개시   최대 20명  난립 조짐
이란 대선 레이스 곧 시작   약 20명 후보 등록 전망
시론 이란 대통령 사망과 이란 민심
정세 불안  이란  고농축우라늄 늘려 핵 확산 우려
No 1 숨지자 핵 공포 되살아났다  혹여 자극할까 두려운 바이든  신중 행보
이란 대통령 사망에  핵 합의  중단 美-英佛은 분열
바이든  우라늄 늘린 이란 감싸기?    IAEA 핵개발 비난 결의안 추진 반대
IAEA  이란 고농축 우라늄 증가   라이시 사망 이후  이란 핵 합의  안갯속
이란  강경파 장악  새 국회 개회 대통령 직대 연설서  정권 건재
美  이란 핵개발 비난 IAEA 결의 막으려  유럽 압박
핵무기 3개 만들 수 있을 정도  이란 폭탄급 우라늄 증가
커지는 중동 불안 이란  고농축 우라늄 비축 늘린다
대통령 사망에 이란 권력투쟁 우려 경제 피폐에 국민 불만은 고조
하마스 리더십과 이란-하마스 관계오늘  세계
박현도의 퍼스펙티브  악천후냐  암살이냐 음모론에 요동치는 이란 정치
세계는 지금  이란 대통령 사망  차기 지도자는?
이란  보궐대선 후보 등록 돌입 중도 온건파는 심사 통과 어려울 듯
미국  유엔총회 라이시 대통령 추모 행사 불참할 것
이란 참모부  대통령 사망 헬기사고  외부 공격 영향 아냐
# read xlsx file(./data/Riasi_korean_news.xlsx) end.
# make wordcloud start.
# make wordcloud end.
# make network start.
         (상보)  (종합)  -로이터  0  000025%  1  ...  희망  희생양  희생양?  히잡  히잡시위  힘
(상보)        0     0     0  0        0  0  ...   0    0     0   0     0  0
(종합)        0     0     0  0        0  0  ...   0    0     0   0     0  0
-로이터        0     0     0  0        0  0  ...   0    0     0   0     0  0
0           0     0     0  0        1  0  ...   0    0     0   0     0  0
000025%     0     0     0  1        0  0  ...   0    0     0   0     0  0
...       ...   ...   ... ..      ... ..  ...  ..  ...   ...  ..   ... ..
희생양         0     0     0  0        0  0  ...   0    0     0   0     0  0
희생양?        0     0     0  0        0  0  ...   0    0     0   0     0  0
히잡          0     0     0  0        0  0  ...   0    0     0   0     0  0
히잡시위        0     0     0  0        0  0  ...   0    0     0   0     0  0
힘           0     0     0  0        0  0  ...   0    0     0   0     0  0

[1059 rows x 1059 columns]
    word        dc
0     이란  0.875236
1    대통령  0.735350
2     헬기  0.403592
3     사망  0.322306
4     추락  0.288280
..   ...       ...
95   로이터  0.022684
96    후보  0.022684
97  iaea  0.021739
98   기술적  0.021739
99   김정은  0.021739

[100 rows x 2 columns]
    word        cc
0     이란  0.888338
1    대통령  0.789485
2     헬기  0.623154
3     사망  0.593229
4     추락  0.578521
..   ...       ...
95  요동칠까  0.489518
96    책임  0.489518
97   하마스  0.489518
98    경계  0.489289
99   도살자  0.489289

[100 rows x 2 columns]
    word        bc
0     이란  0.493226
1    대통령  0.269822
2     헬기  0.061170
3     사망  0.044905
4    라이시  0.037906
..   ...       ...
95    정비  0.000383
96   미국산  0.000382
97  라이시의  0.000369
98    외교  0.000368
99  파장은?  0.000359

[100 rows x 2 columns]
    word        dc        cc        bc
0    28일  0.026465       NaN       NaN
1    2인자  0.035917  0.494823  0.001903
2     6월  0.025520       NaN       NaN
3     9명  0.034972  0.493660       NaN
4      \       NaN       NaN  0.000976
..   ...       ...       ...       ...
145   혼란  0.038752  0.493660  0.000588
146   확산  0.031191  0.490661       NaN
147   확인  0.082231  0.508482  0.001552
148  후계자  0.034026  0.494590  0.001314
149   후보  0.022684       NaN       NaN

[150 rows x 4 columns]
debug #node : 1059
debug #edge : 8278
debug #node : 1059
debug #edge : 8278
debug node colors min : 0.023809523809523808
# make network end.
