# read args start
# read args end
# print inputs start.
    output prefix : persian
    xlsx file     : ./data/Raisi_fa_240529.xlsx
    #column       : 1
    lang          : persian
# print inputs end.
# read xlsx file(./data/Raisi_fa_240529.xlsx) start.
آخرین تصویر از ابراهیم رئيسی و همراهانش پیش از وقوع حادثه برای بالگردشان
جمیله علم‌الهدی، همسر رئیسی: خودکشی در کشورهای توسعه یافته در حال گسترش است
محمد خاتمی: برای سلامتی رئیسی دعا می‌کنم
معاون سازمان هلال احمر: محل احتمالی بالگرد رئیسی ۲۰ کیلومتر مربع مساحت دارد
داستان زندگی رئیسی: ۶۳ سال و ۵ ماه، از شمال‌شرقی تا مرگ در شمال‌غربی
عده‌ای از ایرانی‌ها با آتش‌بازی و شاد‌نوشی مرگ احتمالی رئیسی را جشن گرفتند
مقام ایرانی به رویترز: جان رئیسی و امیرعبداللهیان در خطر است
ابراهیم رئیسی: مردم ایران و جمهوری آذربایجان در نفرت از اسرائیل تردید ندارند
مقامات ایرانی گفتند هلیکوپتر رئیسی، رئیس جمهور ایران دچار سانحه-ای «بسیار  نگران کننده» شد
از خداوند می‌خواهیم که رئیسی و همراهانش را سالم بازگرداند
آیت الله رئیسی وارد فرودگاه بین المللی تبریز شد
گزارش‌ها از وقوع «سانحه» برای هلی‌کوپتر حامل ابراهیم رئیسی در شمال غربی  ایران
برگزاری جلسه فوق‌ العاده دولت برای پیگیری وضعیت رئیسی
رئیسی؛ از ساخت یک میلیون خانه در سال تا توصیه برای زندگی در یک اتاق با چند  فرزند
خبرگزاری‌های دولتی ایران: محل «لاشه» بالگرد ابراهیم رئیسی و هیئت همراه پیدا  شد
لاشه هلیکوپتر حامل رئیسی در مختصات اعلامی پهپاد آکینجی پیدا شد
کشته‌ شدن ابراهیم رئیسی؛ چه کسی کفیل ریاست جمهوری ایران است و انتخابات چه  وقت خواهد بود؟
ابراهیم رئیسی؛ مردی که به آخر نرسید
ابراهیم رئیسی؛ تصویر تمام‌نمای نظام در قاب "آیت‌الله اعدام"
بیوگرافی و زندگینامه ابراهیم رئیسی
ابراهیم رئیسی به شهادت رسید
عکسی عجیب از ابراهیم رئیسی که رزمنده حزب‌الله معرفی شد!
۵ پرسش و پاسخ مهم درباره شهادت سیدابراهیم رئیسی
ایران در شوک شهادت ابراهیم رئیسی و ۷ همراهش /مُهَاجِرًا إِلَی اللَّه   
شهادت سید ابراهیم رئیسی، وزیر خارجه، امام جمعه تبریز، استاندار تبریز و دیگر  همراهان رئیس جمهور
ببینید | مداحی سعید حدادیان برای شهادت ابراهیم رئیسی و همراهانش
تصاویر تکان دهنده لحظه رسیدن امدادگرها به هلی کوپتر رئیسی و پیکر شهدا
تحلیل فنی الجزیره از علل سقوط هلیکوپتر رئيسی
آیت‌الله رئیسی و همراهانش به شهادت رسیدند / بیانیه دولت: راه آیت‌الله ادامه  می‌یابد/ پایان جست‌وجو؛ پیکر شهدا به معراج شهدای    
بعد از رئیسی چه کسی اختیارات رئیس جمهوری ایران را بر عهده خواهد گرفت؟
کشته شدن ابراهیم رئيسی؛ چرا برخی کاربران ایرانی اکس عکس نیمه‌عریان خود را  پخش می‌کنند؟
رئیسی در سقوط بالگرد کشته شد، حالا چه می‌شود؟
سرنوشت ریاست جمهوری پس از شهادت ابراهیم رئیسی
جدیدترین تصاویر از لحظه کشف پیکر شهید ابراهیم رئیسی و همراهانش+ عکس
با مرگ رئیسی چه کسی بر صندلی او خواهد نشست؟
مرگ ابراهیم رئیسی؛ مسابقات هفته بیست و هشتم لیگ برتر، لغو شد
واکنش تند ورزشکاران به مرگ رئیسی؛ «چه کرده‌اید که مرگ‌تان اینقدر شیرین است؟»
واکنش دادخواهان به مرگ رئیسی: یک جلاد کم شد و از محاکمه گریخت
ایرنا: محل بالگرد رئیسی پیدا شد
مسیح علی‌نژاد: شادی کردن برای کشته شدن رئیسی حق مردم ایران است
ابراهیم رئیسی سوار چه هلی‌کوپتری بود؟
رییس دولت اصلاحات: ابراهیم رئیسی خدمتگزار پرتلاش ملت بود
اصرار رسانه‌های دولتی بر پیدا شدن محل بالگرد رئیسی با پهپاد ایرانی به رغم  نقش پهپاد ترکیه
بیانیه هیات دولت پس از مرگ رئیسی: کوچک‌ترین خللی در مدیریت کشور ایجاد  نخواهد شد
معاون پیشین ریاست‌جمهوری آمریکا:‌با مرگ رئیسی جهان جای امن‌تری است
پلیس فتا کاربران فضای مجازی را تهدید کرد پس از مرگ رئیسی احساسات را تحریک  نکنند
سخنگوی دولت: از ابراهیم رئیسی می‌ترسیم که برایش تعطیلی اعلام کنیم
فرمانده سپاه آذربایجان شرقی: جسد رئیسی دچار سوختگی نشده است
تصویر رسانه‌های دولتی از محل سقوط بالگرد رئیسی
صداوسیما: امیرعبداللهیان، آل‌هاشم و استاندار هم با رئیسی کشته شدند
پیام قالیباف برای رئیسی: رفیق جان، سفرت بخیر و به قاسم سلیمانی سلام برسان
لاشه بالگرد سقوط کرده حامل ابراهیم رئیسی
هیات دولت در پی کشته شدن رئیسی جلسه فوری تشکیل داد
سقوط مرگبار رئیسی و تقویت موروثی شدن ولایت‌فقیه
حامد اسماعیلیون: قربانیان رئیسی از فرصت محاکمه این جنایتکار محروم شدند
خبرگزاری مهر: ابراهیم رئیسی در سقوط بالگرد کشته شد
تهدید روزنامه‌نگاران و کاربران فضای مجازی پس از مرگ رئیسی
مرگ ابراهیم رئیسی؛ همه مسابقات ورزشی تا پایان هفته لغو شد
گام‌های سیاست خارجی دولت «رئیسی»
آیت‌الله رئیسی؛ خادم‌الرضا و شهیدِ خدمت
تسلیت جامعه ورزش کشور در پی شهادت آیت‌الله سید ابراهیم رئیسی
تصاویری از شهید آیت الله رئیسی در دوران دفاع مقدس
عکس/توئیت رهبر معظم انقلاب در شهادت آیت‌الله رئیسی
به ملت اطمینان می‌دهیم مسیر آیت الله رئیسی ادامه خواهد یافت
آخرین تصویر ثبت شده از شهید سید ابراهیم رئیسی
پیام تسلیت در پی درگذشت شهادت‌گونه حجت‌الاسلام والمسلمین رئیسی رئیس‌جمهور و  همراهانش
مرگ رئیسی سیاست ایران را تغییر نخواهد داد، اما جنگ قدرت برخواهد انگیخت
مرگ رئیسی، رئیس جمهوری ایران در سقوط هلیکوپتر نزدیک مرز جمهوری آذربایجان  تأیید شد
فوری/ رئیس جمهور ایران ابراهیم رئیسی به شهادت رسید
اعلام عزای عمومی در برخی کشورها در پی شهادت آیت الله رئیسی
پیام تسلیت بنگلادش در پی شهادت آیت الله «سید ابراهیم رئیسی»
آیت‌الله سیدابراهیم رئیسی به درجه رفیع شهادت رسید
«آیت‌الله اعدام» یا «سید محرومان»؟ نگاهی به زندگی ابراهیم رئیسی
اطلاعیه شماره ۱ ستاد برگزاری مراسم تشییع پیکر شهید ابراهیم رئیسی+ جزئیات
جنتی یاد شهید ابراهیم رئیسی را در جلسه شورای نگهبان زنده کرد
اولین تصاویر رسمی از انتقال پیکر شهدای سقوط بالگرد شهید ابراهیم رئیسی
واکنش گروسی به شهادت ابراهیم رئیسی +فیلم
لبنان درپی شهادت ابراهیم رئیسی 3 روز عزای عمومی اعلام کرد
گزارش لحظه به لحظه؛ واکنش چهره‌های سیاسی به شهادت ابراهیم رئیسی/ واکنش آیت  الله وحید خراسانی
رئیسی چند سال عمر کرد؟
گزارش تصویری از آخرین ساعات زندگی رئیسی
سید ابراهیم رئیسی به شهادت رسید
شهید سید ابراهیم رئیسی از ولادت تا شهادت + تصاویر
فوری/ آیت الله رئیسی و تمام سرنشینان بالگرد به شهادت رسیدند
خادم الرضای ملت آسمانی شد / شهادت آیت الله رئیسی و همراهان
پهپاد ترکیه که لاشه بالگرد ابراهیم رئیسی را پیدا کرد چه بود؟
سقوط بالگرد حامل ابراهیم رئیسی؛ فهرستی از رهبران سیاسی که در سوانح هوایی  «مرموز» کشته شدند
پخش زنده مراسم تشییع ابراهیم رئیسی و همراهان در تبریز
ابراهیم رئیسی؛ رئیس‌جمهور «شهید» یا «ظالمی» که راه به منزل نبرد
واکنش‌ها به مرگ ابراهیم رئیسی همزمان با اعلام ۵ روز عزای عمومی در ایران
بل ۴۱۲؛ هلیکوپتر حامل ابراهیم رئیسی چه مدلی بود و چه ویژگی‌هایی دارد؟
جزئیات مراسم تشییع سید ابراهیم رئیسی در تهران
تصویری از همسر شهید رئیسی در کنار پیکر رئیس جمهور
سیدابراهیم رئیسی به شهادت رسید
تصاویر تلخ از چهره ماتم زده مادر ابراهیم رئیسی /شهردار به منزل او رفت
ابراهیم رئیسی خواسته بود کجا دفن شود؟
عکسی از برادر رئیسی در تلویزیون
ادعاهای خبرنگار ترکیه‌ای که نخستین تصاویر را از لاشه هلی کوپتر رئیسی پخش کرد
حرف‌های جنجالی سخنگوی دولت درباره رئیسی و مقایسه‌اش با روحانی و احمدی نژاد
سفر مقام ارشد هند برای تشییع پیکر شهید ابراهیم رئیسی به تهران
مرگ ابراهیم رئیسی؛ همسر محمدحسین مرادمند تهدید به بازداشت و به اطلاعات احضار شد
عزاداری پاکستانی‌ها برای ابراهیم رئيسی در پیشاور و کشمیر
صدراعظم آلمان در پیامی مرگ ابراهیم رئيسی را به دولت ایران تسلیت گفت
منابعی به رویترز: رئیسی ۶ ماه پیش از لیست جانشینان احتمالی رهبر حذف شد
آیت الله رئیسی برای بیداری امت اسلامی بسیار تلاش کرد
آیت الله رئیسی پشت و پناه مظلومان فلسطین بود
دعایی که رهبر انقلاب برای شهید سیدابراهیم رئیسی خواندند+ فیلم
فوری/جزییات جدید از سانحه سقوط بالگرد شهید ابراهیم رئیسی
گزارش لحظه به لحظه از مراسم تشییع پیکر شهید ابراهیم رئیسی/ وداع با شهدای  خدمت+ عکس و فیلم
جزئیات کامل تشییع ابراهیم رئیسی و یاران در تهران تبریز، قم و مشهد
آخرین زیارت آیت الله رئیسی در حرم امام رضا(ع) شامگاه سه شنبه ۲۵ اردیبهشت  (فیلم)
اولین تصاویر از تابوت و پیکر شهید ابراهیم رئیسی
ریحانه سادات دختر آیت الله ابراهیم رئیسی و آقای نیلی همسر ایشان است
روایت رئيس دفتر رئیسی از آخرین پرواز: هوا کاملا خوب بود؛ هلیکوپتر رئيس  جمهوری ناگهان ناپدید شد
خشم اسرائیل در سازمان ملل از سکوت برای رئیسی: «قصاب تهران» و دستانش آغشته  به خون هزاران ایرانی است
آغاز ششمین دوره مجلس خبرگان؛ رئیسی می‌توانست نامزد ریاست نهادی شود که  وظیفه‌اش انتخاب رهبر است
تسلیت برای کشته‌شدن رئیسی در سانحه بالگرد؛ در آمریکا سخنگو سوال‌پیچ و در  اتحادیه اروپا جنجال شد
اجساد ابراهیم رئیسی و همراهانش به تهران رسید
«ابهامات» سقوط بالگرد رئیسی و «احتمال توطئه» در دو روزنامه‌ تهران
ببینید | تصاویری از آخرین حضور پیکر ابراهیم رئیسی در سرداب مقدس امامزاده  صالح
فوری /حضور رهبر انقلاب در منزل ابراهیم رئیسی، رئیس جمهور شهید ایران
ببینید | افشای دستور ابراهیم رئیسی درباره لغو حکم اعدام جوانان در آبان ۹۸؛  دبیرشورای اطلاع رسانی دولت روایت کرد
آخرین حضور سید ابراهیم رئیسی پس از شهادت در دیدار خارجی رهبر انقلاب
حضور رهبر انقلاب در منزل شهید سیدابراهیم رئیسی
محل دفن سیدابراهیم رئیسی در حرم رضوی+عکس
مدرس حوزه علمیه: رئیسی در کنار کار، از درس غافل نبود
محسن رضایی مرگ رئیسی را «دستاورد بزرگ ملت ایران» توصیف کرد
تسلیت برای مرگ رئیسی؛ دوگانگی ارزش و عمل در پهنه سیاست جهان
سفر اخیر آقای رئیسی به پاکستان می‌تواند نقطه عطفی در روابط دو کشور باشد
پیکر آیت‌الله رئیسی پیش‌از اذان مغرب پنج‌شنبه در حرم امام رضا(ع) به خاک  سپرده می‌شود
دعاهایی که رهبر انقلاب در نماز بر پیکر شهید رئیسی خواندند چه بود؟
بزرگداشت شهید آیت‌الله رئیسی و همراهانش در عراق
ماجرای لباس متفاوت حجت الاسلام مومنی در تشییع "شهید رئیسی" چه بود؟
دکتر مخبر: توسعه روابط با کشورهای اسلامی، همسایه و همسو از مهمترین  دستاوردهای دکتر رئیسی بود/ رئیس جمهور تاجیکستان    
ادای احترام «لاوروف» به شهید «سید ابراهیم رئیسی»
اسماعیلی: ما از شهید آیت‌الله رئیسی آموختیم که خسته نشویم
ورزشکارانی که در دوره‌های قضایی ابراهیم رئیسی اعدام شدند
حضور رهبر انقلاب در منزل شهید سید ابراهیم رئیسی
حضور فرزند رهبرانقلاب در مراسم تشییع پیکر شهید سید ابراهیم رئیسی +عکس
رئیس دفتر ابراهیم رئیسی: در این ۴۵ روز، کار ۴۵۰ روز را انجام می‌دهیم
پرسش های صریح در باره سقوط بالگرد رئیسی/ احتمال توطئه خارجی به این دلایل  وجود دارد
سقوط بالگرد رئیسی؛ ادامه چالش اطلاع رسانی
حضور رهبر انقلاب در منزل رئیس‌جمهور شهید آیت‌الله رئیسی
سقوط بالگرد رئیسی؛ بذرپاش: با تنها برج مخابراتی فعال منطقه، پیدا کردنش ممکن  نبود
علت سقوط بالگرد حامل رئیسی؛ از "عامل جوی" تا "احتمال توطئه"
ابراهیم رئیسی در حرم امام رضا در مشهد به خاک سپرده شد – DW – ۱۴۰۳/۳/۳
پرسش‌های صریح درباره سقوط بالگرد رئیسی: احتمال توطئه خارجی وجود دارد؟
ابراهیم رئیسی در این نقطه از حرم امام رضا به خاک سپرده می شود +عکس
عکسی از پسر بزرگ رهبر انقلاب در مراسم تدفین ابراهیم رئیسی
ببینید | لحظه تلقین‌خوانی بر پیکر شهید ابراهیم رئیسی
دو قاب متفاوت از آخرین سفرهای رئیسی به بیرجند
حضور قالیباف و محسنی اژه‌ای در منزل شهید رئیسی
عکس «نود» زنان در شادی مرگ رئیسی؛ بازپس‌گیری بدن‌های سرکوب‌شده
۴۵ سال نقض حقوق بشر؛ آن‌چه در کارنامه ابراهیم رئیسی ثبت شد
طرح احتمال «توطئه خارجی» در سقوط بالگرد رئیسی از سوی روزنامه جمهوری اسلامی
انجمن بازیگران تئاتر ترکیه: عزای عمومی برای رئیسی زن‌ستیز و خونریز را  نمی‌پذیریم
تاکید ترکیه بر نقش این کشور در یافتن لاشه بالگرد ابراهیم رئیسی
واکنش‌ خبرنگاران و فعالان رسانه‌ای خارجی به تشییع جنازه باشکوه آیت‌الله  رئیسی
آیت الله رئیسی تمام وجودش را صرف خدمت به مردم کرد
روایت بذرپاش از سانحه بالگرد حامل شهید آیت‌الله رئیسی
روایت‌های متناقض مقامات ایران از سقوط هلیکوپتر رئیسی
مراسم بزرگداشت شهید ابراهیم رئیسی و همراهانش در نمایندگی فرهنگی ایران در وین
واکنش رادان به شهادت ابراهیم رئیسی /رییس جمهور معیاری را از دست دادیم+فیلم
لحظه ورود خانواده ابراهیم رئیسی به فرودگاه مشهد+ عکس
پیکر ابراهیم رئیسی به مشهد منتقل شد
مرگ ناگهانی رئیسی و جانشینان احتمالی او؛ فضای سیاسی ایران به کدام سو می‌رود؟
انتقاد از ماکرون برای تسلیت به رئیسی و حمایت از حکم لاهه؛جواب زنان و جوانان  ایرانی را چگونه می‌دهید؟
غیبت دوستان و متحدان ایران در مراسم تشییع ابراهیم رئیسی؛ واکنش‌ها به  پیام‌های رسمی تسلیت
ابراهیم رئیسی در حرم امام رضا به خاک سپرده شد
حضور رهبر انقلاب در منزل رئیس‌جمهور شهید حجت‌الاسلام والمسلمین رئیسی
اختربین ترکیه‌ای سقوط بالگرد حامل رئیسی را «پیش‌بینی» کرده بود
نماینده تبریز در مجلس: ماجرای سقوط بالگرد رئیسی ابهامات زیادی دارد
عزاداری مردم کرگیل برای شهید رئیسی و ادای احترام به رهبر انقلاب
«حمله» هواداران حکومت ایران در مراسم ابراهیم رئیسی به معترضان در لندن؛ یک نفر دستگیر شد
حضور روحانی و رادان در مراسم ختم رئیسی در دفتر خامنه‌ای پس از غیبت خبرساز
تصاویری از دیدار خصوصی خانواده ابراهیم رئیسی، امیرعبداللهیان، آل هاشم و  دیگر شهدای خدمت با رهبر انقلاب
تصویری از دختر امام (ره) در مراسم بزرگداشت رئیسی و همراهانش با حضور رهبری
رهبر انقلاب به جمیله علم الهدی، همسر رئیسی چه توصیه مهمی کردند؟ /ماجرای  دیدار با مادر در سفرها به مشهد /چفیه رهبری به چه کسی رسید؟
نفرین مادر رئیسی خطاب به چه کسانی بود؟
مراسم یادبود ابراهیم رئیسی در لندن به دلیل تجمع معترضان لغو شد
رئیس جمهور بعدی باید راه آیت الله رئیسی را ادامه دهد
حضور گوترش در مقر نمایندگی ایران در پی شهادت ابراهیم رئیسی و همراهانش
سقوط بالگرد رئیسی، استثنایی در تاریخ پراستثنای جمهوری اسلامی
نمایندگان کشورهای عربی در مراسم تشییع رئیسی: عرف دیپلماتیک یا نشانه تغییر؟
«روایت سانحه»، گزارش تلویزیون ایران از سقوط بالگرد رئیسی: بین سانحه و اعلام  خبر دو ساعت فاصله بود
خاطره یک فرمانده ارشد ارتش از ابراهیم رئیسی /رئیس دفتر نظامی رهبری:  روزنه‌های خوبی گشوده شده است
عکسی از ۲ فرزند رهبر انقلاب در مراسم بزرگداشت ابراهیم رئیسی و همراهانش
جمیله علم الهدی در توصیف همسرش ابراهیم رئیسی چه گفت؟
ویدیوی آخرین شوخی ابراهیم رئیسی قبل از شهادت
جعفر سبحانی با اشاره به مرگ رئیسی: غمگینیم، حال کار کردن هم نداریم
نماینده خامنه‌ای در اصفهان: رئیسی برای کسی که سوادش را زیر سوال برد، طلب  مغفرت کرد
جواد اوجی، وزیر نفت: در لحظه خبر سقوط بالگرد رئیسی همان حال زمان مرگ پدرم  را داشتم
اظهارات یک مقام دولتی درباره حضور «امام زمان» در لحظه سقوط رئیسی
ماجرای تذکر جدی شهید رئیسی به وزیر علوم
تمام تلاش شهیدآیت الله رئیسی در راستای وحدت بین همه مسلمانان بود
فوری/ علت عدم سفر زمینی سیدابراهیم رئیسی به تبریز مشخص شد+ فیلم
جزییات تازه از سقوط بالگرد شهید رئیسی از زبان وزیر علوم
عکسی از سعید جلیلی در منزل ابراهیم رئیسی /علم الهدی میزبان بود
کمک هزار میلیاردی «رئیسی» به مددجویان با یک قانون
مشاور رئیسی: حتی یک حاشیه همراه با ابهام در زندگی رئیسی دیده نمی‌شود
آژانس بین‌المللی انرژی اتمی: ایران پس از مرگ رئیسی مذاکرات را تعلیق کرده است
انتقاد نرگس محمدی از تصمیم سازمان ملل برای برگزاری مراسم یادبود ابراهیم  رئیسی
سعید جلیلی به منزل ابراهیم رئیسی رفت
دیدار دختران سیدحسن نصرالله با همسر و دختران رئیسی
مسیح علینژاد در نامه سرگشاده‌ای به دبیرکل سازمان ملل خواستار لغو مراسم  یادبود رئیسی شد
غلامعلی رجایی، فعال سیاسی: کم مانده برای رئیسی مقام شفاعت قائل شوند
حضور دختر حسن نصرالله و چند تن از اعضای حزب‌الله لبنان در خانه ابراهیم رئیسی
شدیدتر شدن کسری بودجه دولت در دوره ابراهیم رئیسی
عضو جامعه مدرسین حوزه علمیه قم: دشمنان از ناراحتی تشییع رئیسی بمیرند و سر  به دیوار بکوبند
نرگس محمدی: بزرگداشت رئیسی در سازمان ملل «گرامی‌داشت چوبه‌های دار و کشتار»  است
هنرمندان و وزیر ارشاد در مراسم یادبود شهید رئیسی در تالار وحدت (عکس)
از اخلاق رئیسی می‌گویند؛ دیگران را «اسب آبی» خطاب می‌کنند
مجریان و هنرمندان صداوسیما در نکوداشت شهید رئیسی (+عکس)
برادر شهید ابراهیم رئیسی+عکس
بی‌تابی خواهر شهید رئیسی در منزلش +عکس
سوگواری همسر ابراهیم رئیسی و پدرش در کنار تابوت +عکس
اخبار لحظه به لحظه از وقوع حادثه برای بالگرد ابراهیم رئیسی+ جزئیات
# read xlsx file(./data/Raisi_fa_240529.xlsx) end.
# make wordcloud start.
# make wordcloud end.
# make network start.
           "آیت‌الله  "احتمال  "شهید  "عامل  (+عکس)  (ره)  ...  ۵  ۶  ۶۳  ۷  ۹۸؛  –
"آیت‌الله          0        0      0      0       0     0  ...  0  0   0  0    0  0
"احتمال            0        0      0      1       0     0  ...  0  0   0  0    0  0
"شهید              0        0      0      0       0     0  ...  0  0   0  0    0  0
"عامل              0        1      0      0       0     0  ...  0  0   0  0    0  0
(+عکس)             0        0      0      0       0     0  ...  0  0   0  0    0  0
...              ...      ...    ...    ...     ...   ...  ... .. ..  .. ..  ... ..
۶                  0        0      0      0       0     0  ...  0  0   0  0    0  0
۶۳                 0        0      0      0       0     0  ...  1  0   0  0    0  0
۷                  0        0      0      0       0     0  ...  0  0   0  0    0  0
۹۸؛                0        0      0      0       0     0  ...  0  0   0  0    0  0
–                  0        0      0      0       0     0  ...  0  0   0  0    0  0

[959 rows x 959 columns]
          word        dc
0        رئیسی  0.792276
1           در  0.506263
2      ابراهیم  0.446764
3            و  0.430063
4           از  0.413361
..         ...       ...
95  سیدابراهیم  0.037578
96     کشورهای  0.037578
97    بزرگداشت  0.036534
98       توصیه  0.036534
99       دولتی  0.036534

[100 rows x 2 columns]
         word        cc
0       رئیسی  0.828003
1          در  0.669462
2     ابراهیم  0.643817
3           و  0.636968
4          از  0.630263
..        ...       ...
95     یادبود  0.506342
96  آذربایجان  0.506075
97     جزئیات  0.506075
98       رسمی  0.506075
99      سانحه  0.506075

[100 rows x 2 columns]
       word        bc
0     رئیسی  0.367915
1        در  0.120034
2   ابراهیم  0.087203
3         و  0.077037
4        از  0.072089
..      ...       ...
95     زنان  0.000429
96    ریاست  0.000427
97     کشور  0.000418
98  کاربران  0.000415
99    جمیله  0.000404

[100 rows x 2 columns]
          word        dc        cc        bc
0            |  0.040710       NaN       NaN
1        آخرین  0.073069  0.516721  0.001443
2    آذربایجان       NaN  0.506075  0.000615
3          آیت  0.102296  0.526663  0.003228
4     آیت‌الله  0.077244  0.518679  0.002061
..         ...       ...       ...       ...
121      گزارش  0.046973  0.511752  0.000607
122         یا       NaN       NaN  0.000783
123     یادبود       NaN  0.506342       NaN
124         یک  0.075157  0.519523  0.003372
125          ۵       NaN  0.507415       NaN

[126 rows x 4 columns]
debug #node : 959
debug #edge : 10712
debug #node : 959
debug #edge : 10712
debug node colors min : 0.030303030303030304
# make network end.
